Determining if the pthread_create exist failed with the following output:
Change Dir: /home/mrdeeppurple/catkin_ws/build/CMakeFiles/CMakeTmp

Run Build Command:/usr/bin/make "cmTryCompileExec2785129468/fast"
/usr/bin/make -f CMakeFiles/cmTryCompileExec2785129468.dir/build.make CMakeFiles/cmTryCompileExec2785129468.dir/build
make[1]: ingresso nella directory "/home/mrdeeppurple/catkin_ws/build/CMakeFiles/CMakeTmp"
/usr/bin/cmake -E cmake_progress_report /home/mrdeeppurple/catkin_ws/build/CMakeFiles/CMakeTmp/CMakeFiles 1
Building C object CMakeFiles/cmTryCompileExec2785129468.dir/CheckSymbolExists.c.o
/usr/bin/cc    -o CMakeFiles/cmTryCompileExec2785129468.dir/CheckSymbolExists.c.o   -c /home/mrdeeppurple/catkin_ws/build/CMakeFiles/CMakeTmp/CheckSymbolExists.c
Linking C executable cmTryCompileExec2785129468
/usr/bin/cmake -E cmake_link_script CMakeFiles/cmTryCompileExec2785129468.dir/link.txt --verbose=1
/usr/bin/cc       CMakeFiles/cmTryCompileExec2785129468.dir/CheckSymbolExists.c.o  -o cmTryCompileExec2785129468 -rdynamic 
CMakeFiles/cmTryCompileExec2785129468.dir/CheckSymbolExists.c.o: nella funzione "main":
CheckSymbolExists.c:(.text+0x16): riferimento non definito a "pthread_create"
collect2: error: ld returned 1 exit status
make[1]: *** [cmTryCompileExec2785129468] Errore 1
make[1]: uscita dalla directory "/home/mrdeeppurple/catkin_ws/build/CMakeFiles/CMakeTmp"
make: *** [cmTryCompileExec2785129468/fast] Errore 2

File /home/mrdeeppurple/catkin_ws/build/CMakeFiles/CMakeTmp/CheckSymbolExists.c:
/* */
#include <pthread.h>

int main(int argc, char** argv)
{
  (void)argv;
#ifndef pthread_create
  return ((int*)(&pthread_create))[argc];
#else
  (void)argc;
  return 0;
#endif
}

Determining if the function pthread_create exists in the pthreads failed with the following output:
Change Dir: /home/mrdeeppurple/catkin_ws/build/CMakeFiles/CMakeTmp

Run Build Command:/usr/bin/make "cmTryCompileExec671337635/fast"
/usr/bin/make -f CMakeFiles/cmTryCompileExec671337635.dir/build.make CMakeFiles/cmTryCompileExec671337635.dir/build
make[1]: ingresso nella directory "/home/mrdeeppurple/catkin_ws/build/CMakeFiles/CMakeTmp"
/usr/bin/cmake -E cmake_progress_report /home/mrdeeppurple/catkin_ws/build/CMakeFiles/CMakeTmp/CMakeFiles 1
Building C object CMakeFiles/cmTryCompileExec671337635.dir/CheckFunctionExists.c.o
/usr/bin/cc   -DCHECK_FUNCTION_EXISTS=pthread_create   -o CMakeFiles/cmTryCompileExec671337635.dir/CheckFunctionExists.c.o   -c /usr/share/cmake-2.8/Modules/CheckFunctionExists.c
Linking C executable cmTryCompileExec671337635
/usr/bin/cmake -E cmake_link_script CMakeFiles/cmTryCompileExec671337635.dir/link.txt --verbose=1
/usr/bin/cc   -DCHECK_FUNCTION_EXISTS=pthread_create    CMakeFiles/cmTryCompileExec671337635.dir/CheckFunctionExists.c.o  -o cmTryCompileExec671337635 -rdynamic -lpthreads 
/usr/bin/ld: impossibile trovare -lpthreads
collect2: error: ld returned 1 exit status
make[1]: uscita dalla directory "/home/mrdeeppurple/catkin_ws/build/CMakeFiles/CMakeTmp"
make[1]: *** [cmTryCompileExec671337635] Errore 1
make: *** [cmTryCompileExec671337635/fast] Errore 2


